xrun(64): 25.03-s006: (c) Copyright 1995-2025 Cadence Design Systems, Inc.
TOOL:	xrun(64)	25.03-s006: Started on Jul 06, 2026 at 12:21:46 EEST
xrun
	rtl.sv
file: rtl.sv
module design(
            |
xmvlog: *W,CFGKWD (rtl.sv,6|12): A Verilog config keyword was found where an identifier was expected.
	module worklib.design:sv
		errors: 0, warnings: 1
		Caching library 'worklib' ....... Done
	Elaborating the design hierarchy:
	Top level design units:
		design
	Building instance overlay tables: .................... Done
	Generating native compiled code:
		worklib.design:sv <0x66822018>
			streams:   0, words:     0
	Building instance specific data structures.
	Loading native compiled code:     .................... Done
	Design hierarchy summary:
		                 Instances  Unique
		Modules:                 1       1
		Registers:               2       2
		Always blocks:           1       1
		Simulation timescale:  1ps
	Writing initial simulation snapshot: worklib.design:sv
Loading snapshot worklib.design:sv .................... Done
xcelium> source /usr/cadence/installs/XCELIUM2503/tools/xcelium/files/xmsimrc
xcelium> run
xmsim: *W,RNQUIE: Simulation is complete.
xcelium> exit
TOOL:	xrun(64)	25.03-s006: Exiting on Jul 06, 2026 at 12:21:46 EEST  (total: 00:00:00)
